{"C:\\Users\\Escuela\\Documents\\GitHub\\actividad_4\\src\\config\\db.js": {"path":"C:\\Users\\Escuela\\Documents\\GitHub\\actividad_4\\src\\config\\db.js","statementMap":{"0":{"start":{"line":1,"column":17},"end":{"line":1,"column":36}},"1":{"start":{"line":3,"column":18},"end":{"line":11,"column":1}},"2":{"start":{"line":4,"column":4},"end":{"line":10,"column":5}},"3":{"start":{"line":5,"column":8},"end":{"line":5,"column":54}},"4":{"start":{"line":6,"column":8},"end":{"line":6,"column":40}},"5":{"start":{"line":8,"column":8},"end":{"line":8,"column":57}},"6":{"start":{"line":9,"column":8},"end":{"line":9,"column":24}},"7":{"start":{"line":12,"column":0},"end":{"line":12,"column":27}}},"fnMap":{"0":{"name":"(anonymous_0)","decl":{"start":{"line":3,"column":18},"end":{"line":3,"column":19}},"loc":{"start":{"line":3,"column":29},"end":{"line":11,"column":1}},"line":3}},"branchMap":{},"s":{"0":0,"1":0,"2":0,"3":0,"4":0,"5":0,"6":0,"7":0},"f":{"0":0},"b":{}}
,"C:\\Users\\Escuela\\Documents\\GitHub\\actividad_4\\src\\config\\db.test.js": {"path":"C:\\Users\\Escuela\\Documents\\GitHub\\actividad_4\\src\\config\\db.test.js","statementMap":{"0":{"start":{"line":1,"column":17},"end":{"line":1,"column":36}},"1":{"start":{"line":2,"column":22},"end":{"line":11,"column":1}},"2":{"start":{"line":3,"column":4},"end":{"line":10,"column":5}},"3":{"start":{"line":4,"column":8},"end":{"line":5,"column":49}},"4":{"start":{"line":6,"column":8},"end":{"line":6,"column":41}},"5":{"start":{"line":8,"column":8},"end":{"line":8,"column":60}},"6":{"start":{"line":9,"column":8},"end":{"line":9,"column":24}},"7":{"start":{"line":13,"column":20},"end":{"line":15,"column":1}},"8":{"start":{"line":14,"column":4},"end":{"line":14,"column":38}},"9":{"start":{"line":17,"column":20},"end":{"line":22,"column":1}},"10":{"start":{"line":18,"column":24},"end":{"line":18,"column":55}},"11":{"start":{"line":19,"column":4},"end":{"line":21,"column":5}},"12":{"start":{"line":20,"column":8},"end":{"line":20,"column":46}},"13":{"start":{"line":24,"column":0},"end":{"line":28,"column":2}}},"fnMap":{"0":{"name":"(anonymous_0)","decl":{"start":{"line":2,"column":22},"end":{"line":2,"column":23}},"loc":{"start":{"line":2,"column":34},"end":{"line":11,"column":1}},"line":2},"1":{"name":"(anonymous_1)","decl":{"start":{"line":13,"column":20},"end":{"line":13,"column":21}},"loc":{"start":{"line":13,"column":32},"end":{"line":15,"column":1}},"line":13},"2":{"name":"(anonymous_2)","decl":{"start":{"line":17,"column":20},"end":{"line":17,"column":21}},"loc":{"start":{"line":17,"column":32},"end":{"line":22,"column":1}},"line":17}},"branchMap":{"0":{"loc":{"start":{"line":4,"column":31},"end":{"line":5,"column":47}},"type":"binary-expr","locations":[{"start":{"line":4,"column":31},"end":{"line":4,"column":57}},{"start":{"line":5,"column":12},"end":{"line":5,"column":47}}],"line":4}},"s":{"0":0,"1":0,"2":0,"3":0,"4":0,"5":0,"6":0,"7":0,"8":0,"9":0,"10":0,"11":0,"12":0,"13":0},"f":{"0":0,"1":0,"2":0},"b":{"0":[0,0]}}
,"C:\\Users\\Escuela\\Documents\\GitHub\\actividad_4\\src\\controllers\\auth.controller.js": {"path":"C:\\Users\\Escuela\\Documents\\GitHub\\actividad_4\\src\\controllers\\auth.controller.js","statementMap":{"0":{"start":{"line":1,"column":15},"end":{"line":1,"column":34}},"1":{"start":{"line":2,"column":12},"end":{"line":2,"column":35}},"2":{"start":{"line":3,"column":13},"end":{"line":3,"column":38}},"3":{"start":{"line":7,"column":8},"end":{"line":46,"column":1}},"4":{"start":{"line":8,"column":50},"end":{"line":8,"column":58}},"5":{"start":{"line":9,"column":33},"end":{"line":9,"column":62}},"6":{"start":{"line":11,"column":8},"end":{"line":15,"column":5}},"7":{"start":{"line":12,"column":12},"end":{"line":14,"column":11}},"8":{"start":{"line":17,"column":27},"end":{"line":17,"column":58}},"9":{"start":{"line":19,"column":17},"end":{"line":23,"column":6}},"10":{"start":{"line":25,"column":18},"end":{"line":29,"column":5}},"11":{"start":{"line":31,"column":4},"end":{"line":40,"column":7}},"12":{"start":{"line":42,"column":4},"end":{"line":45,"column":7}},"13":{"start":{"line":50,"column":8},"end":{"line":88,"column":9}},"14":{"start":{"line":51,"column":40},"end":{"line":51,"column":48}},"15":{"start":{"line":53,"column":25},"end":{"line":53,"column":54}},"16":{"start":{"line":54,"column":12},"end":{"line":58,"column":13}},"17":{"start":{"line":55,"column":16},"end":{"line":57,"column":19}},"18":{"start":{"line":60,"column":34},"end":{"line":60,"column":79}},"19":{"start":{"line":61,"column":12},"end":{"line":65,"column":13}},"20":{"start":{"line":62,"column":16},"end":{"line":64,"column":19}},"21":{"start":{"line":67,"column":26},"end":{"line":71,"column":13}},"22":{"start":{"line":73,"column":12},"end":{"line":82,"column":15}},"23":{"start":{"line":84,"column":12},"end":{"line":87,"column":15}},"24":{"start":{"line":92,"column":0},"end":{"line":92,"column":38}}},"fnMap":{"0":{"name":"(anonymous_0)","decl":{"start":{"line":6,"column":4},"end":{"line":6,"column":5}},"loc":{"start":{"line":6,"column":29},"end":{"line":47,"column":5}},"line":6},"1":{"name":"(anonymous_1)","decl":{"start":{"line":49,"column":4},"end":{"line":49,"column":5}},"loc":{"start":{"line":49,"column":25},"end":{"line":89,"column":5}},"line":49}},"branchMap":{"0":{"loc":{"start":{"line":11,"column":8},"end":{"line":15,"column":5}},"type":"if","locations":[{"start":{"line":11,"column":8},"end":{"line":15,"column":5}},{"start":{},"end":{}}],"line":11},"1":{"loc":{"start":{"line":54,"column":12},"end":{"line":58,"column":13}},"type":"if","locations":[{"start":{"line":54,"column":12},"end":{"line":58,"column":13}},{"start":{},"end":{}}],"line":54},"2":{"loc":{"start":{"line":61,"column":12},"end":{"line":65,"column":13}},"type":"if","locations":[{"start":{"line":61,"column":12},"end":{"line":65,"column":13}},{"start":{},"end":{}}],"line":61}},"s":{"0":1,"1":1,"2":1,"3":3,"4":3,"5":3,"6":3,"7":1,"8":2,"9":1,"10":1,"11":1,"12":1,"13":3,"14":3,"15":3,"16":3,"17":1,"18":2,"19":2,"20":1,"21":1,"22":1,"23":0,"24":1},"f":{"0":3,"1":3},"b":{"0":[1,2],"1":[1,2],"2":[1,1]},"_coverageSchema":"1a1c01bbd47fc00a2c39e90264f33305004495a9","hash":"4ab803c960c3acb87bd8fd930fc32918a2101a4f"}
,"C:\\Users\\Escuela\\Documents\\GitHub\\actividad_4\\src\\controllers\\laptops.controller.js": {"path":"C:\\Users\\Escuela\\Documents\\GitHub\\actividad_4\\src\\controllers\\laptops.controller.js","statementMap":{"0":{"start":{"line":1,"column":15},"end":{"line":1,"column":42}},"1":{"start":{"line":6,"column":8},"end":{"line":14,"column":9}},"2":{"start":{"line":7,"column":28},"end":{"line":7,"column":71}},"3":{"start":{"line":8,"column":12},"end":{"line":8,"column":30}},"4":{"start":{"line":10,"column":12},"end":{"line":13,"column":15}},"5":{"start":{"line":18,"column":8},"end":{"line":31,"column":9}},"6":{"start":{"line":19,"column":27},"end":{"line":19,"column":63}},"7":{"start":{"line":20,"column":12},"end":{"line":24,"column":13}},"8":{"start":{"line":21,"column":16},"end":{"line":23,"column":19}},"9":{"start":{"line":25,"column":12},"end":{"line":25,"column":29}},"10":{"start":{"line":27,"column":12},"end":{"line":30,"column":15}},"11":{"start":{"line":35,"column":8},"end":{"line":46,"column":9}},"12":{"start":{"line":36,"column":27},"end":{"line":36,"column":56}},"13":{"start":{"line":37,"column":12},"end":{"line":40,"column":15}},"14":{"start":{"line":42,"column":12},"end":{"line":45,"column":15}},"15":{"start":{"line":50,"column":8},"end":{"line":70,"column":9}},"16":{"start":{"line":51,"column":27},"end":{"line":55,"column":13}},"17":{"start":{"line":56,"column":12},"end":{"line":60,"column":13}},"18":{"start":{"line":57,"column":16},"end":{"line":59,"column":19}},"19":{"start":{"line":61,"column":12},"end":{"line":64,"column":15}},"20":{"start":{"line":66,"column":12},"end":{"line":69,"column":15}},"21":{"start":{"line":74,"column":8},"end":{"line":87,"column":9}},"22":{"start":{"line":75,"column":27},"end":{"line":75,"column":72}},"23":{"start":{"line":76,"column":12},"end":{"line":80,"column":13}},"24":{"start":{"line":77,"column":16},"end":{"line":79,"column":19}},"25":{"start":{"line":81,"column":12},"end":{"line":81,"column":67}},"26":{"start":{"line":83,"column":12},"end":{"line":86,"column":15}},"27":{"start":{"line":91,"column":0},"end":{"line":91,"column":41}}},"fnMap":{"0":{"name":"(anonymous_0)","decl":{"start":{"line":5,"column":4},"end":{"line":5,"column":5}},"loc":{"start":{"line":5,"column":27},"end":{"line":15,"column":5}},"line":5},"1":{"name":"(anonymous_1)","decl":{"start":{"line":17,"column":4},"end":{"line":17,"column":5}},"loc":{"start":{"line":17,"column":28},"end":{"line":32,"column":5}},"line":17},"2":{"name":"(anonymous_2)","decl":{"start":{"line":34,"column":4},"end":{"line":34,"column":5}},"loc":{"start":{"line":34,"column":27},"end":{"line":47,"column":5}},"line":34},"3":{"name":"(anonymous_3)","decl":{"start":{"line":49,"column":4},"end":{"line":49,"column":5}},"loc":{"start":{"line":49,"column":27},"end":{"line":71,"column":5}},"line":49},"4":{"name":"(anonymous_4)","decl":{"start":{"line":73,"column":4},"end":{"line":73,"column":5}},"loc":{"start":{"line":73,"column":27},"end":{"line":88,"column":5}},"line":73}},"branchMap":{"0":{"loc":{"start":{"line":20,"column":12},"end":{"line":24,"column":13}},"type":"if","locations":[{"start":{"line":20,"column":12},"end":{"line":24,"column":13}},{"start":{},"end":{}}],"line":20},"1":{"loc":{"start":{"line":56,"column":12},"end":{"line":60,"column":13}},"type":"if","locations":[{"start":{"line":56,"column":12},"end":{"line":60,"column":13}},{"start":{},"end":{}}],"line":56},"2":{"loc":{"start":{"line":76,"column":12},"end":{"line":80,"column":13}},"type":"if","locations":[{"start":{"line":76,"column":12},"end":{"line":80,"column":13}},{"start":{},"end":{}}],"line":76}},"s":{"0":1,"1":2,"2":2,"3":2,"4":0,"5":2,"6":2,"7":2,"8":1,"9":1,"10":0,"11":1,"12":1,"13":1,"14":0,"15":1,"16":1,"17":1,"18":0,"19":1,"20":0,"21":2,"22":2,"23":2,"24":1,"25":1,"26":0,"27":1},"f":{"0":2,"1":2,"2":1,"3":1,"4":2},"b":{"0":[1,1],"1":[0,1],"2":[1,1]},"_coverageSchema":"1a1c01bbd47fc00a2c39e90264f33305004495a9","hash":"49863d2fb01f0de05e3de37f7592518d7da01ca5"}
,"C:\\Users\\Escuela\\Documents\\GitHub\\actividad_4\\src\\middleware\\auth.middleware.js": {"path":"C:\\Users\\Escuela\\Documents\\GitHub\\actividad_4\\src\\middleware\\auth.middleware.js","statementMap":{"0":{"start":{"line":1,"column":12},"end":{"line":1,"column":35}},"1":{"start":{"line":3,"column":20},"end":{"line":17,"column":1}},"2":{"start":{"line":4,"column":23},"end":{"line":4,"column":48}},"3":{"start":{"line":5,"column":4},"end":{"line":7,"column":5}},"4":{"start":{"line":6,"column":8},"end":{"line":6,"column":92}},"5":{"start":{"line":9,"column":18},"end":{"line":9,"column":42}},"6":{"start":{"line":10,"column":4},"end":{"line":16,"column":5}},"7":{"start":{"line":11,"column":24},"end":{"line":11,"column":65}},"8":{"start":{"line":12,"column":8},"end":{"line":12,"column":27}},"9":{"start":{"line":13,"column":8},"end":{"line":13,"column":15}},"10":{"start":{"line":15,"column":8},"end":{"line":15,"column":68}},"11":{"start":{"line":19,"column":0},"end":{"line":19,"column":29}}},"fnMap":{"0":{"name":"(anonymous_0)","decl":{"start":{"line":3,"column":20},"end":{"line":3,"column":21}},"loc":{"start":{"line":3,"column":40},"end":{"line":17,"column":1}},"line":3}},"branchMap":{"0":{"loc":{"start":{"line":5,"column":4},"end":{"line":7,"column":5}},"type":"if","locations":[{"start":{"line":5,"column":4},"end":{"line":7,"column":5}},{"start":{},"end":{}}],"line":5}},"s":{"0":2,"1":2,"2":9,"3":9,"4":2,"5":7,"6":7,"7":7,"8":6,"9":6,"10":1,"11":2},"f":{"0":9},"b":{"0":[2,7]},"_coverageSchema":"1a1c01bbd47fc00a2c39e90264f33305004495a9","hash":"3d18b7a354280c497677a6185f9f83fca3a15379"}
,"C:\\Users\\Escuela\\Documents\\GitHub\\actividad_4\\src\\middleware\\role.middleware.js": {"path":"C:\\Users\\Escuela\\Documents\\GitHub\\actividad_4\\src\\middleware\\role.middleware.js","statementMap":{"0":{"start":{"line":1,"column":18},"end":{"line":13,"column":1}},"1":{"start":{"line":2,"column":4},"end":{"line":12,"column":6}},"2":{"start":{"line":3,"column":8},"end":{"line":5,"column":9}},"3":{"start":{"line":4,"column":12},"end":{"line":4,"column":76}},"4":{"start":{"line":6,"column":8},"end":{"line":10,"column":9}},"5":{"start":{"line":7,"column":12},"end":{"line":9,"column":14}},"6":{"start":{"line":11,"column":8},"end":{"line":11,"column":15}},"7":{"start":{"line":15,"column":0},"end":{"line":15,"column":27}}},"fnMap":{"0":{"name":"(anonymous_0)","decl":{"start":{"line":1,"column":18},"end":{"line":1,"column":19}},"loc":{"start":{"line":1,"column":29},"end":{"line":13,"column":1}},"line":1},"1":{"name":"(anonymous_1)","decl":{"start":{"line":2,"column":11},"end":{"line":2,"column":12}},"loc":{"start":{"line":2,"column":31},"end":{"line":12,"column":5}},"line":2}},"branchMap":{"0":{"loc":{"start":{"line":3,"column":8},"end":{"line":5,"column":9}},"type":"if","locations":[{"start":{"line":3,"column":8},"end":{"line":5,"column":9}},{"start":{},"end":{}}],"line":3},"1":{"loc":{"start":{"line":6,"column":8},"end":{"line":10,"column":9}},"type":"if","locations":[{"start":{"line":6,"column":8},"end":{"line":10,"column":9}},{"start":{},"end":{}}],"line":6}},"s":{"0":1,"1":3,"2":5,"3":0,"4":5,"5":1,"6":4,"7":1},"f":{"0":3,"1":5},"b":{"0":[0,5],"1":[1,4]},"_coverageSchema":"1a1c01bbd47fc00a2c39e90264f33305004495a9","hash":"30cdee8fa31b99105397fafc5ade9a1b588d00a9"}
,"C:\\Users\\Escuela\\Documents\\GitHub\\actividad_4\\src\\models\\laptop.js": {"path":"C:\\Users\\Escuela\\Documents\\GitHub\\actividad_4\\src\\models\\laptop.js","statementMap":{"0":{"start":{"line":1,"column":17},"end":{"line":1,"column":36}},"1":{"start":{"line":2,"column":21},"end":{"line":10,"column":24}},"2":{"start":{"line":11,"column":0},"end":{"line":11,"column":67}}},"fnMap":{},"branchMap":{},"s":{"0":1,"1":1,"2":1},"f":{},"b":{},"_coverageSchema":"1a1c01bbd47fc00a2c39e90264f33305004495a9","hash":"14d2d182e077b38188114b3695a7a2f36010dc04"}
,"C:\\Users\\Escuela\\Documents\\GitHub\\actividad_4\\src\\models\\user.js": {"path":"C:\\Users\\Escuela\\Documents\\GitHub\\actividad_4\\src\\models\\user.js","statementMap":{"0":{"start":{"line":1,"column":17},"end":{"line":1,"column":36}},"1":{"start":{"line":2,"column":19},"end":{"line":7,"column":24}},"2":{"start":{"line":9,"column":0},"end":{"line":9,"column":52}}},"fnMap":{},"branchMap":{},"s":{"0":1,"1":1,"2":1},"f":{},"b":{},"_coverageSchema":"1a1c01bbd47fc00a2c39e90264f33305004495a9","hash":"70ec1988bd5a42d821f11979dd9cc2f549f5e38a"}
,"C:\\Users\\Escuela\\Documents\\GitHub\\actividad_4\\src\\routes\\auth.routes.js": {"path":"C:\\Users\\Escuela\\Documents\\GitHub\\actividad_4\\src\\routes\\auth.routes.js","statementMap":{"0":{"start":{"line":1,"column":16},"end":{"line":1,"column":34}},"1":{"start":{"line":2,"column":15},"end":{"line":2,"column":34}},"2":{"start":{"line":3,"column":12},"end":{"line":3,"column":35}},"3":{"start":{"line":4,"column":13},"end":{"line":4,"column":38}},"4":{"start":{"line":5,"column":15},"end":{"line":5,"column":31}},"5":{"start":{"line":7,"column":23},"end":{"line":7,"column":64}},"6":{"start":{"line":8,"column":0},"end":{"line":8,"column":50}},"7":{"start":{"line":9,"column":0},"end":{"line":9,"column":44}},"8":{"start":{"line":11,"column":0},"end":{"line":11,"column":24}}},"fnMap":{},"branchMap":{},"s":{"0":0,"1":0,"2":0,"3":0,"4":0,"5":0,"6":0,"7":0,"8":0},"f":{},"b":{}}
,"C:\\Users\\Escuela\\Documents\\GitHub\\actividad_4\\src\\routes\\laptops.routes.js": {"path":"C:\\Users\\Escuela\\Documents\\GitHub\\actividad_4\\src\\routes\\laptops.routes.js","statementMap":{"0":{"start":{"line":1,"column":16},"end":{"line":1,"column":34}},"1":{"start":{"line":2,"column":15},"end":{"line":2,"column":42}},"2":{"start":{"line":3,"column":20},"end":{"line":3,"column":60}},"3":{"start":{"line":4,"column":18},"end":{"line":4,"column":58}},"4":{"start":{"line":5,"column":26},"end":{"line":5,"column":70}},"5":{"start":{"line":6,"column":15},"end":{"line":6,"column":31}},"6":{"start":{"line":9,"column":0},"end":{"line":9,"column":42}},"7":{"start":{"line":10,"column":0},"end":{"line":10,"column":46}},"8":{"start":{"line":13,"column":0},"end":{"line":13,"column":78}},"9":{"start":{"line":14,"column":0},"end":{"line":14,"column":80}},"10":{"start":{"line":15,"column":0},"end":{"line":15,"column":83}},"11":{"start":{"line":17,"column":0},"end":{"line":17,"column":24}}},"fnMap":{},"branchMap":{},"s":{"0":0,"1":0,"2":0,"3":0,"4":0,"5":0,"6":0,"7":0,"8":0,"9":0,"10":0,"11":0},"f":{},"b":{}}
}
