TN:
SF:src\config\db.js
FN:3,(anonymous_0)
FNF:1
FNH:0
FNDA:0,(anonymous_0)
DA:1,0
DA:3,0
DA:4,0
DA:5,0
DA:6,0
DA:8,0
DA:9,0
DA:12,0
LF:8
LH:0
BRF:0
BRH:0
end_of_record
TN:
SF:src\config\db.test.js
FN:2,(anonymous_0)
FN:13,(anonymous_1)
FN:17,(anonymous_2)
FNF:3
FNH:0
FNDA:0,(anonymous_0)
FNDA:0,(anonymous_1)
FNDA:0,(anonymous_2)
DA:1,0
DA:2,0
DA:3,0
DA:4,0
DA:6,0
DA:8,0
DA:9,0
DA:13,0
DA:14,0
DA:17,0
DA:18,0
DA:19,0
DA:20,0
DA:24,0
LF:14
LH:0
BRDA:4,0,0,0
BRDA:4,0,1,0
BRF:2
BRH:0
end_of_record
TN:
SF:src\controllers\auth.controller.js
FN:6,(anonymous_0)
FN:49,(anonymous_1)
FNF:2
FNH:2
FNDA:3,(anonymous_0)
FNDA:3,(anonymous_1)
DA:1,1
DA:2,1
DA:3,1
DA:7,3
DA:8,3
DA:9,3
DA:11,3
DA:12,1
DA:17,2
DA:19,1
DA:25,1
DA:31,1
DA:42,1
DA:50,3
DA:51,3
DA:53,3
DA:54,3
DA:55,1
DA:60,2
DA:61,2
DA:62,1
DA:67,1
DA:73,1
DA:84,0
DA:92,1
LF:25
LH:24
BRDA:11,0,0,1
BRDA:11,0,1,2
BRDA:54,1,0,1
BRDA:54,1,1,2
BRDA:61,2,0,1
BRDA:61,2,1,1
BRF:6
BRH:6
end_of_record
TN:
SF:src\controllers\laptops.controller.js
FN:5,(anonymous_0)
FN:17,(anonymous_1)
FN:34,(anonymous_2)
FN:49,(anonymous_3)
FN:73,(anonymous_4)
FNF:5
FNH:5
FNDA:2,(anonymous_0)
FNDA:2,(anonymous_1)
FNDA:1,(anonymous_2)
FNDA:1,(anonymous_3)
FNDA:2,(anonymous_4)
DA:1,1
DA:6,2
DA:7,2
DA:8,2
DA:10,0
DA:18,2
DA:19,2
DA:20,2
DA:21,1
DA:25,1
DA:27,0
DA:35,1
DA:36,1
DA:37,1
DA:42,0
DA:50,1
DA:51,1
DA:56,1
DA:57,0
DA:61,1
DA:66,0
DA:74,2
DA:75,2
DA:76,2
DA:77,1
DA:81,1
DA:83,0
DA:91,1
LF:28
LH:22
BRDA:20,0,0,1
BRDA:20,0,1,1
BRDA:56,1,0,0
BRDA:56,1,1,1
BRDA:76,2,0,1
BRDA:76,2,1,1
BRF:6
BRH:5
end_of_record
TN:
SF:src\middleware\auth.middleware.js
FN:3,(anonymous_0)
FNF:1
FNH:1
FNDA:9,(anonymous_0)
DA:1,2
DA:3,2
DA:4,9
DA:5,9
DA:6,2
DA:9,7
DA:10,7
DA:11,7
DA:12,6
DA:13,6
DA:15,1
DA:19,2
LF:12
LH:12
BRDA:5,0,0,2
BRDA:5,0,1,7
BRF:2
BRH:2
end_of_record
TN:
SF:src\middleware\role.middleware.js
FN:1,(anonymous_0)
FN:2,(anonymous_1)
FNF:2
FNH:2
FNDA:3,(anonymous_0)
FNDA:5,(anonymous_1)
DA:1,1
DA:2,3
DA:3,5
DA:4,0
DA:6,5
DA:7,1
DA:11,4
DA:15,1
LF:8
LH:7
BRDA:3,0,0,0
BRDA:3,0,1,5
BRDA:6,1,0,1
BRDA:6,1,1,4
BRF:4
BRH:3
end_of_record
TN:
SF:src\models\laptop.js
FNF:0
FNH:0
DA:1,1
DA:2,1
DA:11,1
LF:3
LH:3
BRF:0
BRH:0
end_of_record
TN:
SF:src\models\user.js
FNF:0
FNH:0
DA:1,1
DA:2,1
DA:9,1
LF:3
LH:3
BRF:0
BRH:0
end_of_record
TN:
SF:src\routes\auth.routes.js
FNF:0
FNH:0
DA:1,0
DA:2,0
DA:3,0
DA:4,0
DA:5,0
DA:7,0
DA:8,0
DA:9,0
DA:11,0
LF:9
LH:0
BRF:0
BRH:0
end_of_record
TN:
SF:src\routes\laptops.routes.js
FNF:0
FNH:0
DA:1,0
DA:2,0
DA:3,0
DA:4,0
DA:5,0
DA:6,0
DA:9,0
DA:10,0
DA:13,0
DA:14,0
DA:15,0
DA:17,0
LF:12
LH:0
BRF:0
BRH:0
end_of_record
